c:\users\cweinberg\onedrive - microsoft\desktop\study\דיפנסיבי\maman15\client\client\x64\debug\vc142.pdb
c:\users\cweinberg\onedrive - microsoft\desktop\study\דיפנסיבי\maman15\client\client\x64\debug\vc142.idb
c:\users\cweinberg\onedrive - microsoft\desktop\study\דיפנסיבי\maman15\client\client\x64\debug\statemachine.obj
c:\users\cweinberg\onedrive - microsoft\desktop\study\דיפנסיבי\maman15\client\client\x64\debug\sendpublickey.obj
c:\users\cweinberg\onedrive - microsoft\desktop\study\דיפנסיבי\maman15\client\client\x64\debug\sendfile.obj
c:\users\cweinberg\onedrive - microsoft\desktop\study\דיפנסיבי\maman15\client\client\x64\debug\response.obj
c:\users\cweinberg\onedrive - microsoft\desktop\study\דיפנסיבי\maman15\client\client\x64\debug\regfailed.obj
c:\users\cweinberg\onedrive - microsoft\desktop\study\דיפנסיבי\maman15\client\client\x64\debug\request.obj
c:\users\cweinberg\onedrive - microsoft\desktop\study\דיפנסיבי\maman15\client\client\x64\debug\registeration.obj
c:\users\cweinberg\onedrive - microsoft\desktop\study\דיפנסיבי\maman15\client\client\x64\debug\regdone.obj
c:\users\cweinberg\onedrive - microsoft\desktop\study\דיפנסיבי\maman15\client\client\x64\debug\reconnectfail.obj
c:\users\cweinberg\onedrive - microsoft\desktop\study\דיפנסיבי\maman15\client\client\x64\debug\reconnect.obj
c:\users\cweinberg\onedrive - microsoft\desktop\study\דיפנסיבי\maman15\client\client\x64\debug\pubkeyrec.obj
c:\users\cweinberg\onedrive - microsoft\desktop\study\דיפנסיבי\maman15\client\client\x64\debug\main.obj
c:\users\cweinberg\onedrive - microsoft\desktop\study\דיפנסיבי\maman15\client\client\x64\debug\filerec.obj
c:\users\cweinberg\onedrive - microsoft\desktop\study\דיפנסיבי\maman15\client\client\x64\debug\fatalwrongcrc.obj
c:\users\cweinberg\onedrive - microsoft\desktop\study\דיפנסיבי\maman15\client\client\x64\debug\fatalerror.obj
c:\users\cweinberg\onedrive - microsoft\desktop\study\דיפנסיבי\maman15\client\client\x64\debug\correctcrc.obj
c:\users\cweinberg\onedrive - microsoft\desktop\study\דיפנסיבי\maman15\client\client\x64\debug\confirmreconnect.obj
c:\users\cweinberg\onedrive - microsoft\desktop\study\דיפנסיבי\maman15\client\client\x64\debug\confirmmessage.obj
c:\users\cweinberg\onedrive - microsoft\desktop\study\דיפנסיבי\maman15\client\client\x64\debug\clientsocket.obj
c:\users\cweinberg\onedrive - microsoft\desktop\study\דיפנסיבי\maman15\client\client\x64\debug\client.obj
c:\users\cweinberg\onedrive - microsoft\desktop\study\דיפנסיבי\maman15\client\client\x64\debug\wrongcrc.obj
c:\users\cweinberg\onedrive - microsoft\desktop\study\דיפנסיבי\maman15\client\client\x64\debug\client.tlog\cl.command.1.tlog
c:\users\cweinberg\onedrive - microsoft\desktop\study\דיפנסיבי\maman15\client\client\x64\debug\client.tlog\cl.read.1.tlog
c:\users\cweinberg\onedrive - microsoft\desktop\study\דיפנסיבי\maman15\client\client\x64\debug\client.tlog\cl.write.1.tlog
c:\users\cweinberg\onedrive - microsoft\desktop\study\דיפנסיבי\maman15\client\client\x64\debug\client.tlog\link.command.1.tlog
c:\users\cweinberg\onedrive - microsoft\desktop\study\דיפנסיבי\maman15\client\client\x64\debug\client.tlog\link.read.1.tlog
c:\users\cweinberg\onedrive - microsoft\desktop\study\דיפנסיבי\maman15\client\client\x64\debug\client.tlog\link.write.1.tlog
