c:\users\cweinberg\onedrive - microsoft\desktop\study\דיפנסיבי\securefiletransferrepo\client\client\debug\vc142.pdb
c:\users\cweinberg\onedrive - microsoft\desktop\study\דיפנסיבי\securefiletransferrepo\client\client\debug\vc142.idb
c:\users\cweinberg\onedrive - microsoft\desktop\study\דיפנסיבי\securefiletransferrepo\client\client\debug\statemachine.obj
c:\users\cweinberg\onedrive - microsoft\desktop\study\דיפנסיבי\securefiletransferrepo\client\client\debug\sendpublickey.obj
c:\users\cweinberg\onedrive - microsoft\desktop\study\דיפנסיבי\securefiletransferrepo\client\client\debug\sendfile.obj
c:\users\cweinberg\onedrive - microsoft\desktop\study\דיפנסיבי\securefiletransferrepo\client\client\debug\response.obj
c:\users\cweinberg\onedrive - microsoft\desktop\study\דיפנסיבי\securefiletransferrepo\client\client\debug\regfailed.obj
c:\users\cweinberg\onedrive - microsoft\desktop\study\דיפנסיבי\securefiletransferrepo\client\client\debug\request.obj
c:\users\cweinberg\onedrive - microsoft\desktop\study\דיפנסיבי\securefiletransferrepo\client\client\debug\registeration.obj
c:\users\cweinberg\onedrive - microsoft\desktop\study\דיפנסיבי\securefiletransferrepo\client\client\debug\regdone.obj
c:\users\cweinberg\onedrive - microsoft\desktop\study\דיפנסיבי\securefiletransferrepo\client\client\debug\reconnectfail.obj
c:\users\cweinberg\onedrive - microsoft\desktop\study\דיפנסיבי\securefiletransferrepo\client\client\debug\reconnect.obj
c:\users\cweinberg\onedrive - microsoft\desktop\study\דיפנסיבי\securefiletransferrepo\client\client\debug\pubkeyrec.obj
c:\users\cweinberg\onedrive - microsoft\desktop\study\דיפנסיבי\securefiletransferrepo\client\client\debug\main.obj
c:\users\cweinberg\onedrive - microsoft\desktop\study\דיפנסיבי\securefiletransferrepo\client\client\debug\filerec.obj
c:\users\cweinberg\onedrive - microsoft\desktop\study\דיפנסיבי\securefiletransferrepo\client\client\debug\fatalwrongcrc.obj
c:\users\cweinberg\onedrive - microsoft\desktop\study\דיפנסיבי\securefiletransferrepo\client\client\debug\fatalerror.obj
c:\users\cweinberg\onedrive - microsoft\desktop\study\דיפנסיבי\securefiletransferrepo\client\client\debug\correctcrc.obj
c:\users\cweinberg\onedrive - microsoft\desktop\study\דיפנסיבי\securefiletransferrepo\client\client\debug\confirmreconnect.obj
c:\users\cweinberg\onedrive - microsoft\desktop\study\דיפנסיבי\securefiletransferrepo\client\client\debug\confirmmessage.obj
c:\users\cweinberg\onedrive - microsoft\desktop\study\דיפנסיבי\securefiletransferrepo\client\client\debug\clientsocket.obj
c:\users\cweinberg\onedrive - microsoft\desktop\study\דיפנסיבי\securefiletransferrepo\client\client\debug\client.obj
c:\users\cweinberg\onedrive - microsoft\desktop\study\דיפנסיבי\securefiletransferrepo\client\client\debug\wrongcrc.obj
c:\users\cweinberg\onedrive - microsoft\desktop\study\דיפנסיבי\securefiletransferrepo\client\client\debug\client.ilk
c:\users\cweinberg\onedrive - microsoft\desktop\study\דיפנסיבי\securefiletransferrepo\client\debug\client.exe
c:\users\cweinberg\onedrive - microsoft\desktop\study\דיפנסיבי\securefiletransferrepo\client\debug\client.pdb
c:\users\cweinberg\onedrive - microsoft\desktop\study\דיפנסיבי\securefiletransferrepo\client\client\debug\client.tlog\cl.command.1.tlog
c:\users\cweinberg\onedrive - microsoft\desktop\study\דיפנסיבי\securefiletransferrepo\client\client\debug\client.tlog\cl.read.1.tlog
c:\users\cweinberg\onedrive - microsoft\desktop\study\דיפנסיבי\securefiletransferrepo\client\client\debug\client.tlog\cl.write.1.tlog
c:\users\cweinberg\onedrive - microsoft\desktop\study\דיפנסיבי\securefiletransferrepo\client\client\debug\client.tlog\link.command.1.tlog
c:\users\cweinberg\onedrive - microsoft\desktop\study\דיפנסיבי\securefiletransferrepo\client\client\debug\client.tlog\link.read.1.tlog
c:\users\cweinberg\onedrive - microsoft\desktop\study\דיפנסיבי\securefiletransferrepo\client\client\debug\client.tlog\link.write.1.tlog
